<?xml version="1.0" encoding="UTF-8"?>
<testsuite name="com.adib.togglz.TogglzApplicationTests" tests="1" skipped="0" failures="0" errors="0" timestamp="2020-01-25T14:21:44" hostname="Mohammads-MBP" time="0.109">
  <properties/>
  <testcase name="contextLoads()" classname="com.adib.togglz.TogglzApplicationTests" time="0.109"/>
  <system-out><![CDATA[18:21:43.380 [Test worker] DEBUG org.springframework.test.context.BootstrapUtils - Instantiating CacheAwareContextLoaderDelegate from class [org.springframework.test.context.cache.DefaultCacheAwareContextLoaderDelegate]
18:21:43.390 [Test worker] DEBUG org.springframework.test.context.BootstrapUtils - Instantiating BootstrapContext using constructor [public org.springframework.test.context.support.DefaultBootstrapContext(java.lang.Class,org.springframework.test.context.CacheAwareContextLoaderDelegate)]
18:21:43.413 [Test worker] DEBUG org.springframework.test.context.BootstrapUtils - Instantiating TestContextBootstrapper for test class [com.adib.togglz.TogglzApplicationTests] from class [org.springframework.boot.test.context.SpringBootTestContextBootstrapper]
18:21:43.425 [Test worker] INFO org.springframework.boot.test.context.SpringBootTestContextBootstrapper - Neither @ContextConfiguration nor @ContextHierarchy found for test class [com.adib.togglz.TogglzApplicationTests], using SpringBootContextLoader
18:21:43.428 [Test worker] DEBUG org.springframework.test.context.support.AbstractContextLoader - Did not detect default resource location for test class [com.adib.togglz.TogglzApplicationTests]: class path resource [com/adib/togglz/TogglzApplicationTests-context.xml] does not exist
18:21:43.428 [Test worker] DEBUG org.springframework.test.context.support.AbstractContextLoader - Did not detect default resource location for test class [com.adib.togglz.TogglzApplicationTests]: class path resource [com/adib/togglz/TogglzApplicationTestsContext.groovy] does not exist
18:21:43.428 [Test worker] INFO org.springframework.test.context.support.AbstractContextLoader - Could not detect default resource locations for test class [com.adib.togglz.TogglzApplicationTests]: no resource found for suffixes {-context.xml, Context.groovy}.
18:21:43.429 [Test worker] INFO org.springframework.test.context.support.AnnotationConfigContextLoaderUtils - Could not detect default configuration classes for test class [com.adib.togglz.TogglzApplicationTests]: TogglzApplicationTests does not declare any static, non-private, non-final, nested classes annotated with @Configuration.
18:21:43.452 [Test worker] DEBUG org.springframework.test.context.support.ActiveProfilesUtils - Could not find an 'annotation declaring class' for annotation type [org.springframework.test.context.ActiveProfiles] and class [com.adib.togglz.TogglzApplicationTests]
18:21:43.497 [Test worker] DEBUG org.springframework.context.annotation.ClassPathScanningCandidateComponentProvider - Identified candidate component class: file [/Users/mohammadibrahimbadsha/Documents/dts/sourcecode/support-services/togglz/build/classes/java/main/com/adib/togglz/TogglzApplication.class]
18:21:43.499 [Test worker] INFO org.springframework.boot.test.context.SpringBootTestContextBootstrapper - Found @SpringBootConfiguration com.adib.togglz.TogglzApplication for test class com.adib.togglz.TogglzApplicationTests
18:21:43.574 [Test worker] DEBUG org.springframework.boot.test.context.SpringBootTestContextBootstrapper - @TestExecutionListeners is not present for class [com.adib.togglz.TogglzApplicationTests]: using defaults.
18:21:43.574 [Test worker] INFO org.springframework.boot.test.context.SpringBootTestContextBootstrapper - Loaded default TestExecutionListener class names from location [META-INF/spring.factories]: [org.springframework.boot.test.autoconfigure.restdocs.RestDocsTestExecutionListener, org.springframework.boot.test.autoconfigure.web.client.MockRestServiceServerResetTestExecutionListener, org.springframework.boot.test.autoconfigure.web.servlet.MockMvcPrintOnlyOnFailureTestExecutionListener, org.springframework.boot.test.autoconfigure.web.servlet.WebDriverTestExecutionListener, org.springframework.boot.test.mock.mockito.MockitoTestExecutionListener, org.springframework.boot.test.mock.mockito.ResetMocksTestExecutionListener, org.springframework.test.context.web.ServletTestExecutionListener, org.springframework.test.context.support.DirtiesContextBeforeModesTestExecutionListener, org.springframework.test.context.support.DependencyInjectionTestExecutionListener, org.springframework.test.context.support.DirtiesContextTestExecutionListener, org.springframework.test.context.transaction.TransactionalTestExecutionListener, org.springframework.test.context.jdbc.SqlScriptsTestExecutionListener, org.springframework.test.context.event.EventPublishingTestExecutionListener]
18:21:43.579 [Test worker] DEBUG org.springframework.boot.test.context.SpringBootTestContextBootstrapper - Skipping candidate TestExecutionListener [org.springframework.test.context.web.ServletTestExecutionListener] due to a missing dependency. Specify custom listener classes or make the default listener classes and their required dependencies available. Offending class: [javax/servlet/ServletContext]
18:21:43.580 [Test worker] DEBUG org.springframework.boot.test.context.SpringBootTestContextBootstrapper - Skipping candidate TestExecutionListener [org.springframework.test.context.transaction.TransactionalTestExecutionListener] due to a missing dependency. Specify custom listener classes or make the default listener classes and their required dependencies available. Offending class: [org/springframework/transaction/interceptor/TransactionAttributeSource]
18:21:43.580 [Test worker] DEBUG org.springframework.boot.test.context.SpringBootTestContextBootstrapper - Skipping candidate TestExecutionListener [org.springframework.test.context.jdbc.SqlScriptsTestExecutionListener] due to a missing dependency. Specify custom listener classes or make the default listener classes and their required dependencies available. Offending class: [org/springframework/transaction/interceptor/TransactionAttribute]
18:21:43.581 [Test worker] INFO org.springframework.boot.test.context.SpringBootTestContextBootstrapper - Using TestExecutionListeners: [org.springframework.test.context.support.DirtiesContextBeforeModesTestExecutionListener@1d15d660, org.springframework.boot.test.mock.mockito.MockitoTestExecutionListener@22d2d9a7, org.springframework.boot.test.autoconfigure.SpringBootDependencyInjectionTestExecutionListener@561bcd07, org.springframework.test.context.support.DirtiesContextTestExecutionListener@52bcbe1e, org.springframework.test.context.event.EventPublishingTestExecutionListener@61a9c4ff, org.springframework.boot.test.autoconfigure.restdocs.RestDocsTestExecutionListener@5502268c, org.springframework.boot.test.autoconfigure.web.client.MockRestServiceServerResetTestExecutionListener@5df9aade, org.springframework.boot.test.autoconfigure.web.servlet.MockMvcPrintOnlyOnFailureTestExecutionListener@6a02b331, org.springframework.boot.test.autoconfigure.web.servlet.WebDriverTestExecutionListener@45230cb2, org.springframework.boot.test.mock.mockito.ResetMocksTestExecutionListener@15164dc]
18:21:43.583 [Test worker] DEBUG org.springframework.test.context.support.AbstractDirtiesContextTestExecutionListener - Before test class: context [DefaultTestContext@28908306 testClass = TogglzApplicationTests, testInstance = [null], testMethod = [null], testException = [null], mergedContextConfiguration = [MergedContextConfiguration@483d417b testClass = TogglzApplicationTests, locations = '{}', classes = '{class com.adib.togglz.TogglzApplication}', contextInitializerClasses = '[]', activeProfiles = '{}', propertySourceLocations = '{}', propertySourceProperties = '{org.springframework.boot.test.context.SpringBootTestContextBootstrapper=true}', contextCustomizers = set[org.springframework.boot.test.autoconfigure.properties.PropertyMappingContextCustomizer@0, org.springframework.boot.test.autoconfigure.web.servlet.WebDriverContextCustomizerFactory$Customizer@7f178082, org.springframework.boot.test.context.filter.ExcludeFilterContextCustomizer@30ecbd67, org.springframework.boot.test.json.DuplicateJsonObjectContextCustomizerFactory$DuplicateJsonObjectContextCustomizer@35ba670e, org.springframework.boot.test.mock.mockito.MockitoContextCustomizer@0, org.springframework.boot.test.web.client.TestRestTemplateContextCustomizer@709af9b9], contextLoader = 'org.springframework.boot.test.context.SpringBootContextLoader', parent = [null]], attributes = map[[empty]]], class annotated with @DirtiesContext [false] with mode [null].
18:21:43.592 [Test worker] DEBUG org.springframework.test.context.support.DependencyInjectionTestExecutionListener - Performing dependency injection for test context [[DefaultTestContext@28908306 testClass = TogglzApplicationTests, testInstance = com.adib.togglz.TogglzApplicationTests@2c31de0e, testMethod = [null], testException = [null], mergedContextConfiguration = [MergedContextConfiguration@483d417b testClass = TogglzApplicationTests, locations = '{}', classes = '{class com.adib.togglz.TogglzApplication}', contextInitializerClasses = '[]', activeProfiles = '{}', propertySourceLocations = '{}', propertySourceProperties = '{org.springframework.boot.test.context.SpringBootTestContextBootstrapper=true}', contextCustomizers = set[org.springframework.boot.test.autoconfigure.properties.PropertyMappingContextCustomizer@0, org.springframework.boot.test.autoconfigure.web.servlet.WebDriverContextCustomizerFactory$Customizer@7f178082, org.springframework.boot.test.context.filter.ExcludeFilterContextCustomizer@30ecbd67, org.springframework.boot.test.json.DuplicateJsonObjectContextCustomizerFactory$DuplicateJsonObjectContextCustomizer@35ba670e, org.springframework.boot.test.mock.mockito.MockitoContextCustomizer@0, org.springframework.boot.test.web.client.TestRestTemplateContextCustomizer@709af9b9], contextLoader = 'org.springframework.boot.test.context.SpringBootContextLoader', parent = [null]], attributes = map[[empty]]]].
18:21:43.609 [Test worker] DEBUG org.springframework.test.context.support.TestPropertySourceUtils - Adding inlined properties to environment: {spring.jmx.enabled=false, org.springframework.boot.test.context.SpringBootTestContextBootstrapper=true, server.port=-1}

  .   ____          _            __ _ _
 /\\ / ___'_ __ _ _(_)_ __  __ _ \ \ \ \
( ( )\___ | '_ | '_| | '_ \/ _` | \ \ \ \
 \\/  ___)| |_)| | | | | || (_| |  ) ) ) )
  '  |____| .__|_| |_|_| |_\__, | / / / /
 =========|_|==============|___/=/_/_/_/
 :: Spring Boot ::        (v2.2.4.RELEASE)

2020-01-25 18:21:43.764  INFO 24434 --- [    Test worker] com.adib.togglz.TogglzApplicationTests   : Starting TogglzApplicationTests on Mohammads-MBP with PID 24434 (started by mohammadibrahimbadsha in /Users/mohammadibrahimbadsha/Documents/dts/sourcecode/support-services/togglz)
2020-01-25 18:21:43.765  INFO 24434 --- [    Test worker] com.adib.togglz.TogglzApplicationTests   : No active profile set, falling back to default profiles: default
2020-01-25 18:21:44.082  INFO 24434 --- [    Test worker] com.adib.togglz.TogglzApplicationTests   : Started TogglzApplicationTests in 0.47 seconds (JVM running for 1.245)
]]></system-out>
  <system-err><![CDATA[]]></system-err>
</testsuite>
